<?xml version="1.0" encoding="UTF-8"?>
<!-- Generated by org.testng.reporters.JUnitReportReporter -->
<testsuite hostname="Saveri-Susarla" failures="0" tests="4" name="com.service.OperationTest" time="0.037" errors="0" timestamp="2022-09-26T12:54:36 IST" skipped="1">
  <testcase classname="com.service.OperationTest" name="subtractTest" time="0.001"/>
  <system-out/>
  <testcase classname="com.service.OperationTest" name="multiplyTest" time="0.001"/>
  <system-out/>
  <testcase classname="com.service.OperationTest" name="addTest" time="0.035"/>
  <system-out/>
  <testcase classname="com.service.OperationTest" name="divideTest">
    <skipped/>
  </testcase> <!-- divideTest -->
  <system-out/>
</testsuite> <!-- com.service.OperationTest -->
