<?xml version="1.0" encoding="UTF-8"?>
<!-- Generated by org.testng.reporters.JUnitReportReporter -->
<testsuite hostname="Saveri-Susarla" failures="0" tests="4" name="cm.service.OperationTest" time="0.015" errors="0" timestamp="2022-09-26T10:10:07 IST" skipped="1">
  <testcase classname="cm.service.OperationTest" name="multiplyTest" time="0.002"/>
  <system-out/>
  <testcase classname="cm.service.OperationTest" name="subtractTest" time="0.002"/>
  <system-out/>
  <testcase classname="cm.service.OperationTest" name="addTest" time="0.011"/>
  <system-out/>
  <testcase classname="cm.service.OperationTest" name="divideTest">
    <skipped/>
  </testcase> <!-- divideTest -->
  <system-out/>
</testsuite> <!-- cm.service.OperationTest -->
