<?xml version="1.0" encoding="UTF-8"?>
<!-- Generated by org.testng.reporters.JUnitReportReporter -->
<testsuite hostname="Saveri-Susarla" failures="0" tests="4" name="com.testing.OrderTestExecution" time="0.012" errors="0" timestamp="2022-09-26T12:54:47 IST" skipped="0">
  <testcase classname="com.testing.OrderTestExecution" name="b" time="0.009"/>
  <system-out/>
  <testcase classname="com.testing.OrderTestExecution" name="a" time="0.001"/>
  <system-out/>
  <testcase classname="com.testing.OrderTestExecution" name="c" time="0.001"/>
  <system-out/>
  <testcase classname="com.testing.OrderTestExecution" name="d" time="0.001"/>
  <system-out/>
</testsuite> <!-- com.testing.OrderTestExecution -->
