<?xml version="1.0" encoding="UTF-8"?>
<!-- Generated by org.testng.reporters.JUnitReportReporter -->
<testsuite hostname="Saveri-Susarla" failures="0" tests="1" name="com.testing.LoginPageTest" time="8.631" errors="0" timestamp="2022-09-28T11:45:28 IST" skipped="0">
  <testcase classname="com.testing.LoginPageTest" name="loginPageTest" time="8.631"/>
  <system-out/>
</testsuite> <!-- com.testing.LoginPageTest -->
